Android/app/build/intermediates/manifest_merge_blame_file/debug/manifest-merger-blame-debug-report.txt
1<?xml version="1.0" encoding="utf-8"?>
2<manifest xmlns:android="http://schemas.android.com/apk/res/android"
3    package="com.example.android"
4    android:versionCode="1"
5    android:versionName="1.0" >
6
7    <uses-sdk
8        android:minSdkVersion="29"
8-->src\main\AndroidManifest.xml
9        android:targetSdkVersion="33" />
9-->src\main\AndroidManifest.xml
10
11    <uses-permission android:name="android.permission.INTERNET" />
11-->src\main\AndroidManifest.xml:6:5-67
11-->src\main\AndroidManifest.xml:6:22-64
12    <uses-permission android:name="android.permission.ACCESS_FINE_LOCATION" />
12-->src\main\AndroidManifest.xml:7:5-79
12-->src\main\AndroidManifest.xml:7:22-76
13    <uses-permission android:name="android.permission.ACCESS_COARSE_LOCATION" />
13-->src\main\AndroidManifest.xml:8:5-81
13-->src\main\AndroidManifest.xml:8:22-78
14    <uses-permission android:name="android.permission.READ_PHONE_STATE" />
14-->src\main\AndroidManifest.xml:9:5-75
14-->src\main\AndroidManifest.xml:9:22-72
15    <uses-permission android:name="android.permission.READ_SMS" />
15-->src\main\AndroidManifest.xml:10:5-67
15-->src\main\AndroidManifest.xml:10:22-64
16    <uses-permission android:name="android.permission.READ_PHONE_NUMBERS" />
16-->src\main\AndroidManifest.xml:11:5-77
16-->src\main\AndroidManifest.xml:11:22-74
17
18    <application
18-->src\main\AndroidManifest.xml:16:5-53:19
19        android:allowBackup="true"
19-->src\main\AndroidManifest.xml:17:9-35
20        android:appComponentFactory="androidx.core.app.CoreComponentFactory"
20-->[androidx.core:core:1.5.0] AndroidManifest.xml:24:18-86
21        android:debuggable="true"
22        android:extractNativeLibs="false"
23        android:icon="@mipmap/icon"
23-->src\main\AndroidManifest.xml:18:9-36
24        android:label="@string/app_name"
24-->src\main\AndroidManifest.xml:19:9-41
25        android:roundIcon="@mipmap/icon"
25-->src\main\AndroidManifest.xml:20:9-41
26        android:supportsRtl="true"
26-->src\main\AndroidManifest.xml:21:9-35
27        android:theme="@style/Theme.Android" >
27-->src\main\AndroidManifest.xml:22:9-45
28        <activity
28-->src\main\AndroidManifest.xml:23:9-25:40
29            android:name="com.example.android.LoginActivity"
29-->src\main\AndroidManifest.xml:24:13-42
30            android:exported="false" />
30-->src\main\AndroidManifest.xml:25:13-37
31        <activity
31-->src\main\AndroidManifest.xml:26:9-28:40
32            android:name="com.example.android.MenuActivity"
32-->src\main\AndroidManifest.xml:27:13-41
33            android:exported="false" />
33-->src\main\AndroidManifest.xml:28:13-37
34        <activity
34-->src\main\AndroidManifest.xml:29:9-31:40
35            android:name="com.example.android.GetValue"
35-->src\main\AndroidManifest.xml:30:13-37
36            android:exported="false" />
36-->src\main\AndroidManifest.xml:31:13-37
37        <activity
37-->src\main\AndroidManifest.xml:32:9-40:20
38            android:name="com.example.android.SplashActivity"
38-->src\main\AndroidManifest.xml:33:13-43
39            android:exported="true" >
39-->src\main\AndroidManifest.xml:34:13-36
40            <intent-filter>
40-->src\main\AndroidManifest.xml:35:13-39:29
41                <action android:name="android.intent.action.MAIN" />
41-->src\main\AndroidManifest.xml:36:17-69
41-->src\main\AndroidManifest.xml:36:25-66
42
43                <category android:name="android.intent.category.LAUNCHER" />
43-->src\main\AndroidManifest.xml:38:17-77
43-->src\main\AndroidManifest.xml:38:27-74
44            </intent-filter>
45        </activity> <!-- <activity android:name=".GetValue" -->
46        <!-- tools:ignore="DuplicateActivity" /> -->
47        <activity android:name="com.example.android.DiseaseDetectActivity" />
47-->src\main\AndroidManifest.xml:42:9-59
47-->src\main\AndroidManifest.xml:42:19-56
48
49        <provider
49-->src\main\AndroidManifest.xml:44:9-52:20
50            android:name="androidx.core.content.FileProvider"
50-->src\main\AndroidManifest.xml:45:13-62
51            android:authorities="com.example.android.fileprovider"
51-->src\main\AndroidManifest.xml:46:13-67
52            android:exported="false"
52-->src\main\AndroidManifest.xml:47:13-37
53            android:grantUriPermissions="true" >
53-->src\main\AndroidManifest.xml:48:13-47
54            <meta-data
54-->src\main\AndroidManifest.xml:49:13-51:54
55                android:name="android.support.FILE_PROVIDER_PATHS"
55-->src\main\AndroidManifest.xml:50:17-67
56                android:resource="@xml/file_paths" />
56-->src\main\AndroidManifest.xml:51:17-51
57        </provider>
58
59        <activity
59-->[com.google.android.gms:play-services-base:18.0.1] AndroidManifest.xml:20:9-22:45
60            android:name="com.google.android.gms.common.api.GoogleApiActivity"
60-->[com.google.android.gms:play-services-base:18.0.1] AndroidManifest.xml:20:19-85
61            android:exported="false"
61-->[com.google.android.gms:play-services-base:18.0.1] AndroidManifest.xml:22:19-43
62            android:theme="@android:style/Theme.Translucent.NoTitleBar" />
62-->[com.google.android.gms:play-services-base:18.0.1] AndroidManifest.xml:21:19-78
63
64        <meta-data
64-->[com.google.android.gms:play-services-basement:18.0.0] AndroidManifest.xml:21:9-23:69
65            android:name="com.google.android.gms.version"
65-->[com.google.android.gms:play-services-basement:18.0.0] AndroidManifest.xml:22:13-58
66            android:value="@integer/google_play_services_version" />
66-->[com.google.android.gms:play-services-basement:18.0.0] AndroidManifest.xml:23:13-66
67    </application>
68
69</manifest>